TN:
SF:src/socket.js
FN:6,(anonymous_0)
FN:16,(anonymous_1)
FN:22,(anonymous_2)
FN:33,(anonymous_3)
FN:46,(anonymous_4)
FN:51,(anonymous_5)
FN:56,(anonymous_6)
FN:64,(anonymous_7)
FN:72,(anonymous_8)
FN:79,(anonymous_9)
FN:89,(anonymous_10)
FNF:11
FNH:0
FNDA:0,(anonymous_0)
FNDA:0,(anonymous_1)
FNDA:0,(anonymous_2)
FNDA:0,(anonymous_3)
FNDA:0,(anonymous_4)
FNDA:0,(anonymous_5)
FNDA:0,(anonymous_6)
FNDA:0,(anonymous_7)
FNDA:0,(anonymous_8)
FNDA:0,(anonymous_9)
FNDA:0,(anonymous_10)
DA:1,0
DA:2,0
DA:6,0
DA:7,0
DA:16,0
DA:17,0
DA:18,0
DA:19,0
DA:22,0
DA:23,0
DA:24,0
DA:29,0
DA:33,0
DA:34,0
DA:37,0
DA:40,0
DA:41,0
DA:42,0
DA:46,0
DA:47,0
DA:48,0
DA:51,0
DA:52,0
DA:53,0
DA:56,0
DA:57,0
DA:61,0
DA:64,0
DA:65,0
DA:66,0
DA:68,0
DA:72,0
DA:73,0
DA:74,0
DA:79,0
DA:80,0
DA:81,0
DA:84,0
DA:89,0
DA:90,0
DA:91,0
DA:95,0
LF:42
LH:0
BRDA:9,0,0,0
BRDA:9,0,1,0
BRDA:18,1,0,0
BRDA:18,1,1,0
BRDA:23,2,0,0
BRDA:23,2,1,0
BRDA:25,3,0,0
BRDA:25,3,1,0
BRDA:40,4,0,0
BRDA:40,4,1,0
BRDA:40,5,0,0
BRDA:40,5,1,0
BRDA:65,6,0,0
BRDA:65,6,1,0
BRDA:73,7,0,0
BRDA:73,7,1,0
BRDA:79,8,0,0
BRDA:80,9,0,0
BRDA:80,9,1,0
BRDA:90,10,0,0
BRDA:90,10,1,0
BRF:21
BRH:0
end_of_record
TN:
SF:src/controllers/activityController.js
FN:6,(anonymous_0)
FN:31,(anonymous_1)
FNF:2
FNH:0
FNDA:0,(anonymous_0)
FNDA:0,(anonymous_1)
DA:1,0
DA:6,0
DA:7,0
DA:8,0
DA:9,0
DA:11,0
DA:22,0
DA:24,0
DA:31,0
DA:32,0
DA:33,0
DA:35,0
DA:43,0
DA:45,0
DA:49,0
LF:15
LH:0
BRDA:9,0,0,0
BRDA:9,1,0,0
BRF:2
BRH:0
end_of_record
TN:
SF:src/controllers/adminController.js
FN:6,(anonymous_0)
FN:89,(anonymous_1)
FN:93,(anonymous_2)
FN:97,(anonymous_3)
FN:102,(anonymous_4)
FN:126,(anonymous_5)
FN:172,(anonymous_6)
FN:192,(anonymous_7)
FN:243,(anonymous_8)
FN:271,(anonymous_9)
FN:328,(anonymous_10)
FN:408,(anonymous_11)
FN:420,(anonymous_12)
FN:466,(anonymous_13)
FN:537,(anonymous_14)
FN:538,(anonymous_15)
FN:562,(anonymous_16)
FN:569,(anonymous_17)
FN:591,(anonymous_18)
FN:606,(anonymous_19)
FN:607,(anonymous_20)
FN:636,(anonymous_21)
FN:659,(anonymous_22)
FN:686,(anonymous_23)
FN:829,(anonymous_24)
FN:865,(anonymous_25)
FN:976,(anonymous_26)
FN:980,(anonymous_27)
FN:984,(anonymous_28)
FN:1009,(anonymous_29)
FN:1030,(anonymous_30)
FN:1031,(anonymous_31)
FN:1051,(anonymous_32)
FN:1062,(anonymous_33)
FN:1078,(anonymous_34)
FN:1089,(anonymous_35)
FN:1105,(anonymous_36)
FN:1116,(anonymous_37)
FN:1132,(anonymous_38)
FN:1208,(anonymous_39)
FN:1232,(anonymous_40)
FN:1268,(anonymous_41)
FN:1327,(anonymous_42)
FN:1373,(anonymous_43)
FN:1410,(anonymous_44)
FN:1454,(anonymous_45)
FN:1503,(anonymous_46)
FN:1566,(anonymous_47)
FN:1629,(anonymous_48)
FN:1632,(anonymous_49)
FN:1639,(anonymous_50)
FN:1640,(anonymous_51)
FN:1672,(anonymous_52)
FN:1694,(anonymous_53)
FN:1695,(anonymous_54)
FN:1696,(anonymous_55)
FN:1755,(anonymous_56)
FNF:57
FNH:0
FNDA:0,(anonymous_0)
FNDA:0,(anonymous_1)
FNDA:0,(anonymous_2)
FNDA:0,(anonymous_3)
FNDA:0,(anonymous_4)
FNDA:0,(anonymous_5)
FNDA:0,(anonymous_6)
FNDA:0,(anonymous_7)
FNDA:0,(anonymous_8)
FNDA:0,(anonymous_9)
FNDA:0,(anonymous_10)
FNDA:0,(anonymous_11)
FNDA:0,(anonymous_12)
FNDA:0,(anonymous_13)
FNDA:0,(anonymous_14)
FNDA:0,(anonymous_15)
FNDA:0,(anonymous_16)
FNDA:0,(anonymous_17)
FNDA:0,(anonymous_18)
FNDA:0,(anonymous_19)
FNDA:0,(anonymous_20)
FNDA:0,(anonymous_21)
FNDA:0,(anonymous_22)
FNDA:0,(anonymous_23)
FNDA:0,(anonymous_24)
FNDA:0,(anonymous_25)
FNDA:0,(anonymous_26)
FNDA:0,(anonymous_27)
FNDA:0,(anonymous_28)
FNDA:0,(anonymous_29)
FNDA:0,(anonymous_30)
FNDA:0,(anonymous_31)
FNDA:0,(anonymous_32)
FNDA:0,(anonymous_33)
FNDA:0,(anonymous_34)
FNDA:0,(anonymous_35)
FNDA:0,(anonymous_36)
FNDA:0,(anonymous_37)
FNDA:0,(anonymous_38)
FNDA:0,(anonymous_39)
FNDA:0,(anonymous_40)
FNDA:0,(anonymous_41)
FNDA:0,(anonymous_42)
FNDA:0,(anonymous_43)
FNDA:0,(anonymous_44)
FNDA:0,(anonymous_45)
FNDA:0,(anonymous_46)
FNDA:0,(anonymous_47)
FNDA:0,(anonymous_48)
FNDA:0,(anonymous_49)
FNDA:0,(anonymous_50)
FNDA:0,(anonymous_51)
FNDA:0,(anonymous_52)
FNDA:0,(anonymous_53)
FNDA:0,(anonymous_54)
FNDA:0,(anonymous_55)
FNDA:0,(anonymous_56)
DA:1,0
DA:2,0
DA:3,0
DA:6,0
DA:7,0
DA:16,0
DA:35,0
DA:36,0
DA:38,0
DA:53,0
DA:68,0
DA:76,0
DA:89,0
DA:93,0
DA:97,0
DA:102,0
DA:117,0
DA:118,0
DA:126,0
DA:127,0
DA:128,0
DA:129,0
DA:132,0
DA:133,0
DA:134,0
DA:135,0
DA:137,0
DA:141,0
DA:154,0
DA:172,0
DA:183,0
DA:184,0
DA:192,0
DA:193,0
DA:194,0
DA:195,0
DA:197,0
DA:201,0
DA:202,0
DA:208,0
DA:221,0
DA:234,0
DA:235,0
DA:243,0
DA:244,0
DA:245,0
DA:247,0
DA:248,0
DA:249,0
DA:252,0
DA:257,0
DA:262,0
DA:263,0
DA:271,0
DA:272,0
DA:273,0
DA:275,0
DA:276,0
DA:282,0
DA:284,0
DA:285,0
DA:292,0
DA:293,0
DA:294,0
DA:295,0
DA:296,0
DA:297,0
DA:298,0
DA:301,0
DA:303,0
DA:309,0
DA:310,0
DA:311,0
DA:314,0
DA:319,0
DA:320,0
DA:328,0
DA:329,0
DA:331,0
DA:394,0
DA:399,0
DA:400,0
DA:408,0
DA:409,0
DA:410,0
DA:412,0
DA:413,0
DA:419,0
DA:421,0
DA:423,0
DA:425,0
DA:435,0
DA:436,0
DA:437,0
DA:438,0
DA:439,0
DA:440,0
DA:441,0
DA:444,0
DA:452,0
DA:457,0
DA:458,0
DA:466,0
DA:467,0
DA:469,0
DA:472,0
DA:536,0
DA:538,0
DA:548,0
DA:553,0
DA:554,0
DA:562,0
DA:563,0
DA:564,0
DA:569,0
DA:570,0
DA:571,0
DA:573,0
DA:574,0
DA:577,0
DA:582,0
DA:583,0
DA:591,0
DA:592,0
DA:593,0
DA:595,0
DA:596,0
DA:603,0
DA:606,0
DA:607,0
DA:608,0
DA:620,0
DA:622,0
DA:627,0
DA:628,0
DA:636,0
DA:637,0
DA:638,0
DA:639,0
DA:641,0
DA:654,0
DA:656,0
DA:659,0
DA:677,0
DA:678,0
DA:686,0
DA:687,0
DA:701,0
DA:704,0
DA:705,0
DA:706,0
DA:707,0
DA:708,0
DA:710,0
DA:711,0
DA:714,0
DA:715,0
DA:716,0
DA:718,0
DA:720,0
DA:721,0
DA:723,0
DA:724,0
DA:726,0
DA:727,0
DA:729,0
DA:730,0
DA:732,0
DA:735,0
DA:738,0
DA:739,0
DA:745,0
DA:746,0
DA:747,0
DA:753,0
DA:754,0
DA:755,0
DA:761,0
DA:762,0
DA:763,0
DA:769,0
DA:770,0
DA:771,0
DA:777,0
DA:778,0
DA:779,0
DA:785,0
DA:786,0
DA:793,0
DA:807,0
DA:820,0
DA:821,0
DA:829,0
DA:830,0
DA:831,0
DA:833,0
DA:844,0
DA:845,0
DA:851,0
DA:856,0
DA:857,0
DA:865,0
DA:866,0
DA:867,0
DA:870,0
DA:871,0
DA:873,0
DA:875,0
DA:876,0
DA:878,0
DA:879,0
DA:881,0
DA:882,0
DA:884,0
DA:885,0
DA:887,0
DA:890,0
DA:897,0
DA:900,0
DA:907,0
DA:915,0
DA:925,0
DA:928,0
DA:940,0
DA:951,0
DA:969,0
DA:976,0
DA:980,0
DA:984,0
DA:991,0
DA:993,0
DA:1009,0
DA:1010,0
DA:1011,0
DA:1029,0
DA:1030,0
DA:1031,0
DA:1037,0
DA:1042,0
DA:1043,0
DA:1051,0
DA:1052,0
DA:1053,0
DA:1062,0
DA:1064,0
DA:1069,0
DA:1070,0
DA:1078,0
DA:1079,0
DA:1080,0
DA:1089,0
DA:1091,0
DA:1096,0
DA:1097,0
DA:1105,0
DA:1106,0
DA:1107,0
DA:1116,0
DA:1118,0
DA:1123,0
DA:1124,0
DA:1132,0
DA:1133,0
DA:1134,0
DA:1137,0
DA:1140,0
DA:1141,0
DA:1142,0
DA:1144,0
DA:1146,0
DA:1147,0
DA:1149,0
DA:1150,0
DA:1152,0
DA:1153,0
DA:1155,0
DA:1156,0
DA:1158,0
DA:1161,0
DA:1167,0
DA:1168,0
DA:1169,0
DA:1172,0
DA:1173,0
DA:1174,0
DA:1177,0
DA:1178,0
DA:1179,0
DA:1182,0
DA:1183,0
DA:1184,0
DA:1187,0
DA:1188,0
DA:1189,0
DA:1192,0
DA:1205,0
DA:1207,0
DA:1208,0
DA:1209,0
DA:1210,0
DA:1225,0
DA:1227,0
DA:1228,0
DA:1229,0
DA:1230,0
DA:1232,0
DA:1249,0
DA:1250,0
DA:1251,0
DA:1253,0
DA:1259,0
DA:1260,0
DA:1268,0
DA:1269,0
DA:1270,0
DA:1271,0
DA:1273,0
DA:1276,0
DA:1277,0
DA:1284,0
DA:1285,0
DA:1289,0
DA:1290,0
DA:1291,0
DA:1292,0
DA:1293,0
DA:1294,0
DA:1297,0
DA:1305,0
DA:1318,0
DA:1319,0
DA:1327,0
DA:1328,0
DA:1329,0
DA:1330,0
DA:1332,0
DA:1333,0
DA:1334,0
DA:1341,0
DA:1342,0
DA:1348,0
DA:1356,0
DA:1358,0
DA:1364,0
DA:1365,0
DA:1373,0
DA:1374,0
DA:1375,0
DA:1377,0
DA:1378,0
DA:1379,0
DA:1385,0
DA:1393,0
DA:1395,0
DA:1401,0
DA:1402,0
DA:1410,0
DA:1411,0
DA:1412,0
DA:1414,0
DA:1415,0
DA:1416,0
DA:1423,0
DA:1424,0
DA:1430,0
DA:1432,0
DA:1439,0
DA:1445,0
DA:1446,0
DA:1454,0
DA:1455,0
DA:1456,0
DA:1457,0
DA:1459,0
DA:1460,0
DA:1461,0
DA:1468,0
DA:1469,0
DA:1476,0
DA:1477,0
DA:1478,0
DA:1484,0
DA:1488,0
DA:1494,0
DA:1495,0
DA:1503,0
DA:1504,0
DA:1505,0
DA:1506,0
DA:1508,0
DA:1511,0
DA:1512,0
DA:1520,0
DA:1521,0
DA:1524,0
DA:1544,0
DA:1557,0
DA:1558,0
DA:1566,0
DA:1567,0
DA:1568,0
DA:1570,0
DA:1580,0
DA:1581,0
DA:1588,0
DA:1601,0
DA:1626,0
DA:1627,0
DA:1629,0
DA:1630,0
DA:1632,0
DA:1633,0
DA:1639,0
DA:1640,0
DA:1641,0
DA:1644,0
DA:1654,0
DA:1663,0
DA:1664,0
DA:1672,0
DA:1673,0
DA:1674,0
DA:1675,0
DA:1677,0
DA:1678,0
DA:1679,0
DA:1686,0
DA:1690,0
DA:1691,0
DA:1694,0
DA:1695,0
DA:1696,0
DA:1697,0
DA:1700,0
DA:1701,0
DA:1703,0
DA:1706,0
DA:1707,0
DA:1708,0
DA:1710,0
DA:1712,0
DA:1724,0
DA:1725,0
DA:1731,0
DA:1734,0
DA:1741,0
DA:1746,0
DA:1747,0
DA:1755,0
DA:1756,0
DA:1757,0
DA:1759,0
DA:1760,0
DA:1761,0
DA:1768,0
DA:1773,0
DA:1780,0
DA:1785,0
DA:1786,0
DA:1793,0
LF:460
LH:0
BRDA:85,0,0,0
BRDA:85,0,1,0
BRDA:108,1,0,0
BRDA:108,1,1,0
BRDA:194,2,0,0
BRDA:194,3,0,0
BRDA:194,4,0,0
BRDA:201,5,0,0
BRDA:201,5,1,0
BRDA:248,6,0,0
BRDA:248,6,1,0
BRDA:275,7,0,0
BRDA:275,7,1,0
BRDA:284,8,0,0
BRDA:284,8,1,0
BRDA:293,9,0,0
BRDA:293,9,1,0
BRDA:294,10,0,0
BRDA:294,10,1,0
BRDA:295,11,0,0
BRDA:295,11,1,0
BRDA:297,12,0,0
BRDA:297,12,1,0
BRDA:310,13,0,0
BRDA:310,13,1,0
BRDA:412,14,0,0
BRDA:412,14,1,0
BRDA:412,15,0,0
BRDA:412,15,1,0
BRDA:423,16,0,0
BRDA:423,16,1,0
BRDA:427,17,0,0
BRDA:427,17,1,0
BRDA:427,18,0,0
BRDA:427,18,1,0
BRDA:428,19,0,0
BRDA:428,19,1,0
BRDA:429,20,0,0
BRDA:429,20,1,0
BRDA:436,21,0,0
BRDA:436,21,1,0
BRDA:437,22,0,0
BRDA:437,22,1,0
BRDA:438,23,0,0
BRDA:438,23,1,0
BRDA:440,24,0,0
BRDA:440,24,1,0
BRDA:570,25,0,0
BRDA:570,25,1,0
BRDA:595,26,0,0
BRDA:595,26,1,0
BRDA:595,27,0,0
BRDA:595,27,1,0
BRDA:611,28,0,0
BRDA:611,28,1,0
BRDA:612,29,0,0
BRDA:612,29,1,0
BRDA:613,30,0,0
BRDA:613,30,1,0
BRDA:638,31,0,0
BRDA:638,32,0,0
BRDA:690,33,0,0
BRDA:691,34,0,0
BRDA:704,35,0,0
BRDA:704,35,1,0
BRDA:705,36,0,0
BRDA:705,36,1,0
BRDA:706,37,0,0
BRDA:706,37,1,0
BRDA:707,38,0,0
BRDA:707,38,1,0
BRDA:708,39,0,0
BRDA:708,39,1,0
BRDA:714,40,0,0
BRDA:714,40,1,0
BRDA:714,41,0,0
BRDA:714,41,1,0
BRDA:718,42,0,0
BRDA:718,42,1,0
BRDA:718,42,2,0
BRDA:718,42,3,0
BRDA:718,42,4,0
BRDA:738,43,0,0
BRDA:738,43,1,0
BRDA:738,44,0,0
BRDA:738,44,1,0
BRDA:738,44,2,0
BRDA:745,45,0,0
BRDA:745,45,1,0
BRDA:745,46,0,0
BRDA:745,46,1,0
BRDA:746,47,0,0
BRDA:746,47,1,0
BRDA:753,48,0,0
BRDA:753,48,1,0
BRDA:753,49,0,0
BRDA:753,49,1,0
BRDA:754,50,0,0
BRDA:754,50,1,0
BRDA:761,51,0,0
BRDA:761,51,1,0
BRDA:761,52,0,0
BRDA:761,52,1,0
BRDA:762,53,0,0
BRDA:762,53,1,0
BRDA:769,54,0,0
BRDA:769,54,1,0
BRDA:769,55,0,0
BRDA:769,55,1,0
BRDA:770,56,0,0
BRDA:770,56,1,0
BRDA:777,57,0,0
BRDA:777,57,1,0
BRDA:777,58,0,0
BRDA:777,58,1,0
BRDA:778,59,0,0
BRDA:778,59,1,0
BRDA:785,60,0,0
BRDA:785,60,1,0
BRDA:844,61,0,0
BRDA:844,61,1,0
BRDA:867,62,0,0
BRDA:873,63,0,0
BRDA:873,63,1,0
BRDA:873,63,2,0
BRDA:873,63,3,0
BRDA:873,63,4,0
BRDA:925,64,0,0
BRDA:925,64,1,0
BRDA:1134,65,0,0
BRDA:1140,66,0,0
BRDA:1140,66,1,0
BRDA:1140,67,0,0
BRDA:1140,67,1,0
BRDA:1144,68,0,0
BRDA:1144,68,1,0
BRDA:1144,68,2,0
BRDA:1144,68,3,0
BRDA:1144,68,4,0
BRDA:1167,69,0,0
BRDA:1167,69,1,0
BRDA:1167,70,0,0
BRDA:1167,70,1,0
BRDA:1168,71,0,0
BRDA:1168,71,1,0
BRDA:1172,72,0,0
BRDA:1172,72,1,0
BRDA:1172,73,0,0
BRDA:1172,73,1,0
BRDA:1173,74,0,0
BRDA:1173,74,1,0
BRDA:1177,75,0,0
BRDA:1177,75,1,0
BRDA:1177,76,0,0
BRDA:1177,76,1,0
BRDA:1178,77,0,0
BRDA:1178,77,1,0
BRDA:1182,78,0,0
BRDA:1182,78,1,0
BRDA:1182,79,0,0
BRDA:1182,79,1,0
BRDA:1183,80,0,0
BRDA:1183,80,1,0
BRDA:1187,81,0,0
BRDA:1187,81,1,0
BRDA:1187,82,0,0
BRDA:1187,82,1,0
BRDA:1188,83,0,0
BRDA:1188,83,1,0
BRDA:1205,84,0,0
BRDA:1205,84,1,0
BRDA:1209,85,0,0
BRDA:1209,85,1,0
BRDA:1216,86,0,0
BRDA:1216,86,1,0
BRDA:1217,87,0,0
BRDA:1217,87,1,0
BRDA:1218,88,0,0
BRDA:1218,88,1,0
BRDA:1219,89,0,0
BRDA:1219,89,1,0
BRDA:1230,90,0,0
BRDA:1230,90,1,0
BRDA:1238,91,0,0
BRDA:1238,91,1,0
BRDA:1270,92,0,0
BRDA:1270,93,0,0
BRDA:1270,94,0,0
BRDA:1270,95,0,0
BRDA:1270,96,0,0
BRDA:1276,97,0,0
BRDA:1276,97,1,0
BRDA:1284,98,0,0
BRDA:1284,98,1,0
BRDA:1289,99,0,0
BRDA:1289,99,1,0
BRDA:1292,100,0,0
BRDA:1292,100,1,0
BRDA:1333,101,0,0
BRDA:1333,101,1,0
BRDA:1341,102,0,0
BRDA:1341,102,1,0
BRDA:1378,103,0,0
BRDA:1378,103,1,0
BRDA:1415,104,0,0
BRDA:1415,104,1,0
BRDA:1423,105,0,0
BRDA:1423,105,1,0
BRDA:1434,106,0,0
BRDA:1434,106,1,0
BRDA:1435,107,0,0
BRDA:1435,107,1,0
BRDA:1436,108,0,0
BRDA:1436,108,1,0
BRDA:1441,109,0,0
BRDA:1441,109,1,0
BRDA:1460,110,0,0
BRDA:1460,110,1,0
BRDA:1468,111,0,0
BRDA:1468,111,1,0
BRDA:1477,112,0,0
BRDA:1477,112,1,0
BRDA:1505,113,0,0
BRDA:1505,114,0,0
BRDA:1505,115,0,0
BRDA:1505,116,0,0
BRDA:1511,117,0,0
BRDA:1511,117,1,0
BRDA:1520,118,0,0
BRDA:1520,118,1,0
BRDA:1520,119,0,0
BRDA:1520,119,1,0
BRDA:1580,120,0,0
BRDA:1580,120,1,0
BRDA:1641,121,0,0
BRDA:1641,121,1,0
BRDA:1645,122,0,0
BRDA:1645,122,1,0
BRDA:1678,123,0,0
BRDA:1678,123,1,0
BRDA:1697,124,0,0
BRDA:1697,124,1,0
BRDA:1700,125,0,0
BRDA:1700,125,1,0
BRDA:1701,126,0,0
BRDA:1701,126,1,0
BRDA:1701,127,0,0
BRDA:1701,127,1,0
BRDA:1710,128,0,0
BRDA:1710,128,1,0
BRDA:1710,129,0,0
BRDA:1710,129,1,0
BRDA:1724,130,0,0
BRDA:1724,130,1,0
BRDA:1760,131,0,0
BRDA:1760,131,1,0
BRF:256
BRH:0
end_of_record
TN:
SF:src/controllers/adminNotificationController.js
FN:16,(anonymous_0)
FN:132,(anonymous_1)
FN:177,(anonymous_2)
FN:240,(anonymous_3)
FN:288,(anonymous_4)
FN:351,(anonymous_5)
FN:390,(anonymous_6)
FN:422,(anonymous_7)
FN:466,(anonymous_8)
FN:506,(anonymous_9)
FN:545,(anonymous_10)
FN:581,(anonymous_11)
FNF:12
FNH:0
FNDA:0,(anonymous_0)
FNDA:0,(anonymous_1)
FNDA:0,(anonymous_2)
FNDA:0,(anonymous_3)
FNDA:0,(anonymous_4)
FNDA:0,(anonymous_5)
FNDA:0,(anonymous_6)
FNDA:0,(anonymous_7)
FNDA:0,(anonymous_8)
FNDA:0,(anonymous_9)
FNDA:0,(anonymous_10)
FNDA:0,(anonymous_11)
DA:8,0
DA:9,0
DA:10,0
DA:11,0
DA:16,0
DA:17,0
DA:26,0
DA:28,0
DA:29,0
DA:32,0
DA:38,0
DA:39,0
DA:43,0
DA:44,0
DA:48,0
DA:49,0
DA:54,0
DA:59,0
DA:60,0
DA:61,0
DA:63,0
DA:65,0
DA:66,0
DA:68,0
DA:69,0
DA:71,0
DA:72,0
DA:74,0
DA:75,0
DA:78,0
DA:82,0
DA:87,0
DA:102,0
DA:104,0
DA:105,0
DA:108,0
DA:121,0
DA:122,0
DA:132,0
DA:133,0
DA:134,0
DA:142,0
DA:147,0
DA:161,0
DA:166,0
DA:167,0
DA:177,0
DA:178,0
DA:179,0
DA:187,0
DA:193,0
DA:197,0
DA:200,0
DA:211,0
DA:212,0
DA:219,0
DA:229,0
DA:230,0
DA:240,0
DA:241,0
DA:242,0
DA:254,0
DA:255,0
DA:260,0
DA:272,0
DA:277,0
DA:278,0
DA:288,0
DA:289,0
DA:305,0
DA:307,0
DA:311,0
DA:312,0
DA:318,0
DA:335,0
DA:340,0
DA:341,0
DA:351,0
DA:352,0
DA:360,0
DA:362,0
DA:363,0
DA:369,0
DA:380,0
DA:381,0
DA:390,0
DA:391,0
DA:403,0
DA:406,0
DA:411,0
DA:412,0
DA:422,0
DA:423,0
DA:424,0
DA:426,0
DA:436,0
DA:437,0
DA:444,0
DA:445,0
DA:450,0
DA:455,0
DA:456,0
DA:466,0
DA:467,0
DA:468,0
DA:470,0
DA:479,0
DA:480,0
DA:481,0
DA:483,0
DA:490,0
DA:495,0
DA:496,0
DA:506,0
DA:507,0
DA:508,0
DA:510,0
DA:520,0
DA:521,0
DA:527,0
DA:529,0
DA:534,0
DA:535,0
DA:545,0
DA:546,0
DA:547,0
DA:549,0
DA:550,0
DA:551,0
DA:553,0
DA:565,0
DA:570,0
DA:571,0
DA:581,0
DA:582,0
DA:583,0
DA:585,0
DA:588,0
DA:589,0
DA:590,0
DA:592,0
DA:594,0
DA:595,0
DA:597,0
DA:598,0
DA:600,0
DA:601,0
DA:603,0
DA:604,0
DA:607,0
DA:610,0
DA:621,0
DA:626,0
DA:627,0
DA:634,0
LF:155
LH:0
BRDA:19,0,0,0
BRDA:20,1,0,0
BRDA:24,2,0,0
BRDA:25,3,0,0
BRDA:38,4,0,0
BRDA:38,4,1,0
BRDA:43,5,0,0
BRDA:43,5,1,0
BRDA:48,6,0,0
BRDA:48,6,1,0
BRDA:54,7,0,0
BRDA:54,7,1,0
BRDA:59,8,0,0
BRDA:59,8,1,0
BRDA:59,9,0,0
BRDA:59,9,1,0
BRDA:63,10,0,0
BRDA:63,10,1,0
BRDA:63,10,2,0
BRDA:63,10,3,0
BRDA:104,11,0,0
BRDA:104,11,1,0
BRDA:104,12,0,0
BRDA:104,12,1,0
BRDA:254,13,0,0
BRDA:254,13,1,0
BRDA:311,14,0,0
BRDA:311,14,1,0
BRDA:356,15,0,0
BRDA:357,16,0,0
BRDA:358,17,0,0
BRDA:359,18,0,0
BRDA:362,19,0,0
BRDA:362,19,1,0
BRDA:362,20,0,0
BRDA:362,20,1,0
BRDA:436,21,0,0
BRDA:436,21,1,0
BRDA:444,22,0,0
BRDA:444,22,1,0
BRDA:444,23,0,0
BRDA:444,23,1,0
BRDA:479,24,0,0
BRDA:479,24,1,0
BRDA:480,25,0,0
BRDA:480,25,1,0
BRDA:481,26,0,0
BRDA:481,26,1,0
BRDA:520,27,0,0
BRDA:520,27,1,0
BRDA:550,28,0,0
BRDA:550,28,1,0
BRDA:551,29,0,0
BRDA:551,29,1,0
BRDA:583,30,0,0
BRDA:588,31,0,0
BRDA:588,31,1,0
BRDA:588,32,0,0
BRDA:588,32,1,0
BRDA:592,33,0,0
BRDA:592,33,1,0
BRDA:592,33,2,0
BRDA:592,33,3,0
BRF:63
BRH:0
end_of_record
TN:
SF:src/controllers/adminProfileController.js
FN:10,(anonymous_0)
FN:50,(anonymous_1)
FN:85,(anonymous_2)
FN:114,(anonymous_3)
FN:186,(anonymous_4)
FN:231,(anonymous_5)
FN:278,(anonymous_6)
FN:292,(anonymous_7)
FN:317,(anonymous_8)
FN:350,(anonymous_9)
FN:386,(anonymous_10)
FN:431,(anonymous_11)
FNF:12
FNH:0
FNDA:0,(anonymous_0)
FNDA:0,(anonymous_1)
FNDA:0,(anonymous_2)
FNDA:0,(anonymous_3)
FNDA:0,(anonymous_4)
FNDA:0,(anonymous_5)
FNDA:0,(anonymous_6)
FNDA:0,(anonymous_7)
FNDA:0,(anonymous_8)
FNDA:0,(anonymous_9)
FNDA:0,(anonymous_10)
FNDA:0,(anonymous_11)
DA:1,0
DA:2,0
DA:3,0
DA:4,0
DA:5,0
DA:10,0
DA:11,0
DA:12,0
DA:16,0
DA:17,0
DA:24,0
DA:31,0
DA:39,0
DA:40,0
DA:50,0
DA:51,0
DA:52,0
DA:53,0
DA:55,0
DA:56,0
DA:57,0
DA:64,0
DA:65,0
DA:66,0
DA:67,0
DA:74,0
DA:81,0
DA:85,0
DA:92,0
DA:103,0
DA:104,0
DA:114,0
DA:115,0
DA:116,0
DA:117,0
DA:119,0
DA:120,0
DA:126,0
DA:127,0
DA:128,0
DA:135,0
DA:136,0
DA:137,0
DA:144,0
DA:145,0
DA:152,0
DA:153,0
DA:159,0
DA:170,0
DA:175,0
DA:176,0
DA:186,0
DA:187,0
DA:188,0
DA:189,0
DA:195,0
DA:196,0
DA:198,0
DA:204,0
DA:215,0
DA:220,0
DA:221,0
DA:231,0
DA:232,0
DA:233,0
DA:234,0
DA:236,0
DA:247,0
DA:254,0
DA:267,0
DA:268,0
DA:278,0
DA:279,0
DA:281,0
DA:292,0
DA:301,0
DA:306,0
DA:307,0
DA:317,0
DA:318,0
DA:319,0
DA:323,0
DA:334,0
DA:339,0
DA:340,0
DA:350,0
DA:351,0
DA:352,0
DA:355,0
DA:361,0
DA:366,0
DA:375,0
DA:376,0
DA:386,0
DA:387,0
DA:388,0
DA:390,0
DA:397,0
DA:398,0
DA:406,0
DA:417,0
DA:422,0
DA:423,0
DA:431,0
DA:433,0
DA:434,0
DA:435,0
DA:436,0
DA:439,0
LF:109
LH:0
BRDA:16,0,0,0
BRDA:16,0,1,0
BRDA:27,1,0,0
BRDA:27,1,1,0
BRDA:56,2,0,0
BRDA:56,2,1,0
BRDA:64,3,0,0
BRDA:64,3,1,0
BRDA:64,4,0,0
BRDA:64,4,1,0
BRDA:66,5,0,0
BRDA:66,5,1,0
BRDA:75,6,0,0
BRDA:75,6,1,0
BRDA:76,7,0,0
BRDA:76,7,1,0
BRDA:119,8,0,0
BRDA:119,8,1,0
BRDA:119,9,0,0
BRDA:119,9,1,0
BRDA:127,10,0,0
BRDA:127,10,1,0
BRDA:136,11,0,0
BRDA:136,11,1,0
BRDA:144,12,0,0
BRDA:144,12,1,0
BRDA:188,13,0,0
BRDA:188,13,1,0
BRDA:233,14,0,0
BRDA:233,15,0,0
BRDA:397,16,0,0
BRDA:397,16,1,0
BRDA:433,17,0,0
BRDA:433,17,1,0
BRDA:434,18,0,0
BRDA:434,18,1,0
BRDA:435,19,0,0
BRDA:435,19,1,0
BRF:38
BRH:0
end_of_record
TN:
SF:src/controllers/attachmentController.js
FN:10,(anonymous_0)
FN:56,(anonymous_1)
FN:77,(anonymous_2)
FNF:3
FNH:0
FNDA:0,(anonymous_0)
FNDA:0,(anonymous_1)
FNDA:0,(anonymous_2)
DA:1,0
DA:2,0
DA:3,0
DA:4,0
DA:5,0
DA:10,0
DA:11,0
DA:12,0
DA:14,0
DA:15,0
DA:18,0
DA:19,0
DA:21,0
DA:31,0
DA:36,0
DA:45,0
DA:47,0
DA:49,0
DA:56,0
DA:57,0
DA:58,0
DA:60,0
DA:68,0
DA:70,0
DA:77,0
DA:78,0
DA:79,0
DA:81,0
DA:82,0
DA:87,0
DA:88,0
DA:89,0
DA:92,0
DA:95,0
DA:96,0
DA:105,0
DA:108,0
DA:109,0
DA:112,0
DA:114,0
DA:118,0
LF:41
LH:0
BRDA:14,0,0,0
BRDA:14,0,1,0
BRDA:19,1,0,0
BRDA:19,1,1,0
BRDA:24,2,0,0
BRDA:24,2,1,0
BRDA:82,3,0,0
BRDA:82,3,1,0
BRDA:88,4,0,0
BRDA:88,4,1,0
BRDA:95,5,0,0
BRDA:95,5,1,0
BRDA:108,6,0,0
BRDA:108,6,1,0
BRF:14
BRH:0
end_of_record
TN:
SF:src/controllers/authController.js
FN:8,(anonymous_0)
FN:15,(anonymous_1)
FN:57,(anonymous_2)
FN:118,(anonymous_3)
FN:159,(anonymous_4)
FN:227,(anonymous_5)
FN:256,(anonymous_6)
FN:295,(anonymous_7)
FN:323,(anonymous_8)
FNF:9
FNH:0
FNDA:0,(anonymous_0)
FNDA:0,(anonymous_1)
FNDA:0,(anonymous_2)
FNDA:0,(anonymous_3)
FNDA:0,(anonymous_4)
FNDA:0,(anonymous_5)
FNDA:0,(anonymous_6)
FNDA:0,(anonymous_7)
FNDA:0,(anonymous_8)
DA:1,1
DA:2,1
DA:3,1
DA:4,1
DA:5,1
DA:8,1
DA:9,0
DA:15,1
DA:16,0
DA:17,0
DA:19,0
DA:20,0
DA:23,0
DA:24,0
DA:25,0
DA:28,0
DA:29,0
DA:36,0
DA:38,0
DA:50,0
DA:57,1
DA:58,0
DA:59,0
DA:61,0
DA:62,0
DA:65,0
DA:66,0
DA:67,0
DA:70,0
DA:71,0
DA:72,0
DA:76,0
DA:82,0
DA:97,0
DA:99,0
DA:111,0
DA:118,1
DA:119,0
DA:120,0
DA:122,0
DA:123,0
DA:126,0
DA:127,0
DA:129,0
DA:131,0
DA:132,0
DA:133,0
DA:134,0
DA:137,0
DA:148,0
DA:150,0
DA:152,0
DA:159,1
DA:160,0
DA:161,0
DA:163,0
DA:164,0
DA:167,0
DA:175,0
DA:176,0
DA:180,0
DA:181,0
DA:182,0
DA:183,0
DA:186,0
DA:192,0
DA:206,0
DA:208,0
DA:220,0
DA:227,1
DA:228,0
DA:229,0
DA:231,0
DA:232,0
DA:235,0
DA:236,0
DA:237,0
DA:240,0
DA:241,0
DA:242,0
DA:243,0
DA:245,0
DA:247,0
DA:249,0
DA:256,1
DA:257,0
DA:258,0
DA:260,0
DA:268,0
DA:269,0
DA:274,0
DA:276,0
DA:288,0
DA:295,1
DA:296,0
DA:297,0
DA:299,0
DA:300,0
DA:301,0
DA:304,0
DA:305,0
DA:306,0
DA:307,0
DA:309,0
DA:311,0
DA:315,1
DA:316,1
DA:323,1
DA:324,0
DA:325,0
DA:328,0
DA:329,0
DA:333,0
DA:334,0
DA:336,0
DA:337,0
DA:339,0
DA:342,0
DA:345,0
DA:351,0
DA:353,0
DA:354,0
DA:355,0
DA:356,0
DA:360,0
DA:371,0
DA:377,0
DA:391,0
DA:393,0
DA:405,0
DA:406,0
DA:410,1
LF:132
LH:17
BRDA:19,0,0,0
BRDA:19,0,1,0
BRDA:19,1,0,0
BRDA:19,1,1,0
BRDA:19,1,2,0
BRDA:24,2,0,0
BRDA:24,2,1,0
BRDA:61,3,0,0
BRDA:61,3,1,0
BRDA:61,4,0,0
BRDA:61,4,1,0
BRDA:66,5,0,0
BRDA:66,5,1,0
BRDA:71,6,0,0
BRDA:71,6,1,0
BRDA:122,7,0,0
BRDA:122,7,1,0
BRDA:131,8,0,0
BRDA:131,8,1,0
BRDA:138,9,0,0
BRDA:138,9,1,0
BRDA:163,10,0,0
BRDA:163,10,1,0
BRDA:163,11,0,0
BRDA:163,11,1,0
BRDA:175,12,0,0
BRDA:175,12,1,0
BRDA:231,13,0,0
BRDA:231,13,1,0
BRDA:236,14,0,0
BRDA:236,14,1,0
BRDA:268,15,0,0
BRDA:268,15,1,0
BRDA:300,16,0,0
BRDA:300,16,1,0
BRDA:328,17,0,0
BRDA:328,17,1,0
BRDA:334,18,0,0
BRDA:334,18,1,0
BRDA:351,19,0,0
BRDA:351,19,1,0
BRDA:353,20,0,0
BRDA:353,20,1,0
BRDA:355,21,0,0
BRDA:355,21,1,0
BRF:45
BRH:0
end_of_record
TN:
SF:src/controllers/commentController.js
FN:9,(anonymous_0)
FN:39,(anonymous_1)
FN:118,(anonymous_2)
FN:148,(anonymous_3)
FN:188,(anonymous_4)
FNF:5
FNH:0
FNDA:0,(anonymous_0)
FNDA:0,(anonymous_1)
FNDA:0,(anonymous_2)
FNDA:0,(anonymous_3)
FNDA:0,(anonymous_4)
DA:1,0
DA:2,0
DA:3,0
DA:4,0
DA:9,0
DA:10,0
DA:11,0
DA:13,0
DA:14,0
DA:16,0
DA:30,0
DA:32,0
DA:39,0
DA:40,0
DA:41,0
DA:42,0
DA:44,0
DA:45,0
DA:48,0
DA:49,0
DA:51,0
DA:59,0
DA:60,0
DA:67,0
DA:76,0
DA:77,0
DA:78,0
DA:79,0
DA:81,0
DA:82,0
DA:83,0
DA:84,0
DA:98,0
DA:107,0
DA:109,0
DA:111,0
DA:118,0
DA:119,0
DA:120,0
DA:122,0
DA:123,0
DA:125,0
DA:126,0
DA:129,0
DA:130,0
DA:132,0
DA:135,0
DA:136,0
DA:139,0
DA:141,0
DA:148,0
DA:149,0
DA:150,0
DA:151,0
DA:152,0
DA:154,0
DA:156,0
DA:160,0
DA:161,0
DA:162,0
DA:164,0
DA:165,0
DA:168,0
DA:179,0
DA:181,0
DA:188,0
DA:189,0
DA:190,0
DA:191,0
DA:193,0
DA:194,0
DA:197,0
DA:198,0
DA:200,0
DA:201,0
DA:204,0
DA:205,0
DA:207,0
DA:210,0
DA:219,0
DA:220,0
DA:223,0
DA:225,0
DA:229,0
LF:84
LH:0
BRDA:14,0,0,0
BRDA:14,0,1,0
BRDA:44,1,0,0
BRDA:44,1,1,0
BRDA:49,2,0,0
BRDA:49,2,1,0
BRDA:55,3,0,0
BRDA:55,3,1,0
BRDA:59,4,0,0
BRDA:59,4,1,0
BRDA:59,5,0,0
BRDA:59,5,1,0
BRDA:59,5,2,0
BRDA:77,6,0,0
BRDA:77,6,1,0
BRDA:78,7,0,0
BRDA:78,7,1,0
BRDA:81,8,0,0
BRDA:81,8,1,0
BRDA:123,9,0,0
BRDA:123,9,1,0
BRDA:125,10,0,0
BRDA:125,10,1,0
BRDA:135,11,0,0
BRDA:135,11,1,0
BRDA:154,12,0,0
BRDA:154,12,1,0
BRDA:160,13,0,0
BRDA:160,13,1,0
BRDA:193,14,0,0
BRDA:193,14,1,0
BRDA:198,15,0,0
BRDA:198,15,1,0
BRDA:200,16,0,0
BRDA:200,16,1,0
BRDA:219,17,0,0
BRDA:219,17,1,0
BRF:37
BRH:0
end_of_record
TN:
SF:src/controllers/impersonationController.js
FN:8,(anonymous_0)
FN:112,(anonymous_1)
FN:155,(anonymous_2)
FN:202,(anonymous_3)
FNF:4
FNH:0
FNDA:0,(anonymous_0)
FNDA:0,(anonymous_1)
FNDA:0,(anonymous_2)
FNDA:0,(anonymous_3)
DA:1,0
DA:2,0
DA:3,0
DA:8,0
DA:9,0
DA:10,0
DA:11,0
DA:14,0
DA:15,0
DA:22,0
DA:23,0
DA:24,0
DA:31,0
DA:32,0
DA:33,0
DA:40,0
DA:41,0
DA:48,0
DA:56,0
DA:57,0
DA:64,0
DA:73,0
DA:81,0
DA:94,0
DA:101,0
DA:102,0
DA:112,0
DA:113,0
DA:114,0
DA:116,0
DA:117,0
DA:124,0
DA:125,0
DA:126,0
DA:133,0
DA:138,0
DA:144,0
DA:145,0
DA:155,0
DA:156,0
DA:157,0
DA:158,0
DA:160,0
DA:178,0
DA:191,0
DA:192,0
DA:202,0
DA:203,0
DA:204,0
DA:206,0
DA:207,0
DA:213,0
DA:228,0
DA:229,0
DA:235,0
DA:241,0
DA:242,0
DA:249,0
LF:58
LH:0
BRDA:14,0,0,0
BRDA:14,0,1,0
BRDA:14,1,0,0
BRDA:14,1,1,0
BRDA:23,2,0,0
BRDA:23,2,1,0
BRDA:32,3,0,0
BRDA:32,3,1,0
BRDA:40,4,0,0
BRDA:40,4,1,0
BRDA:40,5,0,0
BRDA:40,5,1,0
BRDA:56,6,0,0
BRDA:56,6,1,0
BRDA:116,7,0,0
BRDA:116,7,1,0
BRDA:125,8,0,0
BRDA:125,8,1,0
BRDA:157,9,0,0
BRDA:157,10,0,0
BRDA:206,11,0,0
BRDA:206,11,1,0
BRDA:228,12,0,0
BRDA:228,12,1,0
BRDA:228,13,0,0
BRDA:228,13,1,0
BRF:26
BRH:0
end_of_record
TN:
SF:src/controllers/invitationController.js
FN:10,(anonymous_0)
FN:51,(anonymous_1)
FN:84,(anonymous_2)
FN:207,(anonymous_3)
FN:272,(anonymous_4)
FN:310,(anonymous_5)
FNF:6
FNH:0
FNDA:0,(anonymous_0)
FNDA:0,(anonymous_1)
FNDA:0,(anonymous_2)
FNDA:0,(anonymous_3)
FNDA:0,(anonymous_4)
FNDA:0,(anonymous_5)
DA:1,0
DA:2,0
DA:3,0
DA:4,0
DA:5,0
DA:10,0
DA:11,0
DA:12,0
DA:15,0
DA:19,0
DA:20,0
DA:23,0
DA:36,0
DA:41,0
DA:51,0
DA:52,0
DA:53,0
DA:69,0
DA:74,0
DA:84,0
DA:85,0
DA:86,0
DA:87,0
DA:90,0
DA:91,0
DA:95,0
DA:96,0
DA:99,0
DA:104,0
DA:105,0
DA:109,0
DA:110,0
DA:112,0
DA:114,0
DA:115,0
DA:116,0
DA:118,0
DA:121,0
DA:124,0
DA:125,0
DA:129,0
DA:133,0
DA:141,0
DA:142,0
DA:149,0
DA:150,0
DA:152,0
DA:161,0
DA:162,0
DA:164,0
DA:167,0
DA:170,0
DA:171,0
DA:180,0
DA:181,0
DA:191,0
DA:197,0
DA:207,0
DA:208,0
DA:209,0
DA:220,0
DA:221,0
DA:227,0
DA:228,0
DA:229,0
DA:230,0
DA:237,0
DA:243,0
DA:244,0
DA:247,0
DA:248,0
DA:257,0
DA:262,0
DA:272,0
DA:273,0
DA:274,0
DA:285,0
DA:286,0
DA:292,0
DA:293,0
DA:295,0
DA:300,0
DA:310,0
DA:311,0
DA:312,0
DA:316,0
DA:317,0
DA:324,0
DA:325,0
DA:326,0
DA:333,0
DA:337,0
DA:338,0
DA:340,0
DA:341,0
DA:347,0
DA:348,0
DA:351,0
DA:352,0
DA:353,0
DA:354,0
DA:359,0
DA:361,0
DA:367,0
DA:372,0
LF:105
LH:0
BRDA:19,0,0,0
BRDA:19,0,1,0
BRDA:26,1,0,0
BRDA:26,1,1,0
BRDA:86,2,0,0
BRDA:90,3,0,0
BRDA:90,3,1,0
BRDA:90,4,0,0
BRDA:90,4,1,0
BRDA:96,5,0,0
BRDA:96,5,1,0
BRDA:104,6,0,0
BRDA:104,6,1,0
BRDA:104,7,0,0
BRDA:104,7,1,0
BRDA:104,7,2,0
BRDA:104,7,3,0
BRDA:112,8,0,0
BRDA:112,8,1,0
BRDA:115,9,0,0
BRDA:115,9,1,0
BRDA:124,10,0,0
BRDA:124,10,1,0
BRDA:137,11,0,0
BRDA:137,11,1,0
BRDA:137,12,0,0
BRDA:137,12,1,0
BRDA:141,13,0,0
BRDA:141,13,1,0
BRDA:144,14,0,0
BRDA:144,14,1,0
BRDA:161,15,0,0
BRDA:161,15,1,0
BRDA:170,16,0,0
BRDA:170,16,1,0
BRDA:174,17,0,0
BRDA:174,17,1,0
BRDA:174,17,2,0
BRDA:180,18,0,0
BRDA:180,18,1,0
BRDA:194,19,0,0
BRDA:194,19,1,0
BRDA:220,20,0,0
BRDA:220,20,1,0
BRDA:227,21,0,0
BRDA:227,21,1,0
BRDA:252,22,0,0
BRDA:252,22,1,0
BRDA:285,23,0,0
BRDA:285,23,1,0
BRDA:316,24,0,0
BRDA:316,24,1,0
BRDA:325,25,0,0
BRDA:325,25,1,0
BRDA:338,26,0,0
BRDA:338,26,1,0
BRDA:340,27,0,0
BRDA:340,27,1,0
BRDA:340,28,0,0
BRDA:340,28,1,0
BRDA:351,29,0,0
BRDA:351,29,1,0
BRDA:353,30,0,0
BRDA:353,30,1,0
BRDA:359,31,0,0
BRDA:359,31,1,0
BRF:66
BRH:0
end_of_record
TN:
SF:src/controllers/memberController.js
FN:8,(anonymous_0)
FN:34,(anonymous_1)
FN:90,(anonymous_2)
FN:140,(anonymous_3)
FNF:4
FNH:0
FNDA:0,(anonymous_0)
FNDA:0,(anonymous_1)
FNDA:0,(anonymous_2)
FNDA:0,(anonymous_3)
DA:1,0
DA:2,0
DA:3,0
DA:8,0
DA:9,0
DA:10,0
DA:13,0
DA:14,0
DA:15,0
DA:18,0
DA:25,0
DA:27,0
DA:34,0
DA:35,0
DA:36,0
DA:37,0
DA:39,0
DA:40,0
DA:43,0
DA:44,0
DA:45,0
DA:49,0
DA:50,0
DA:51,0
DA:58,0
DA:59,0
DA:60,0
DA:63,0
DA:70,0
DA:71,0
DA:81,0
DA:83,0
DA:90,0
DA:91,0
DA:92,0
DA:93,0
DA:95,0
DA:96,0
DA:99,0
DA:100,0
DA:101,0
DA:108,0
DA:109,0
DA:110,0
DA:114,0
DA:115,0
DA:116,0
DA:123,0
DA:124,0
DA:125,0
DA:128,0
DA:129,0
DA:131,0
DA:133,0
DA:140,0
DA:141,0
DA:142,0
DA:144,0
DA:145,0
DA:148,0
DA:149,0
DA:150,0
DA:157,0
DA:158,0
DA:159,0
DA:165,0
DA:167,0
DA:168,0
DA:173,0
DA:175,0
DA:176,0
DA:183,0
DA:189,0
DA:190,0
DA:192,0
DA:194,0
DA:196,0
DA:200,0
LF:78
LH:0
BRDA:14,0,0,0
BRDA:14,0,1,0
BRDA:39,1,0,0
BRDA:39,1,1,0
BRDA:44,2,0,0
BRDA:44,2,1,0
BRDA:50,3,0,0
BRDA:50,3,1,0
BRDA:50,4,0,0
BRDA:50,4,1,0
BRDA:50,4,2,0
BRDA:59,5,0,0
BRDA:59,5,1,0
BRDA:66,6,0,0
BRDA:66,6,1,0
BRDA:70,7,0,0
BRDA:70,7,1,0
BRDA:96,8,0,0
BRDA:96,8,1,0
BRDA:100,9,0,0
BRDA:100,9,1,0
BRDA:100,10,0,0
BRDA:100,10,1,0
BRDA:100,10,2,0
BRDA:109,11,0,0
BRDA:109,11,1,0
BRDA:114,12,0,0
BRDA:114,12,1,0
BRDA:115,13,0,0
BRDA:115,13,1,0
BRDA:115,14,0,0
BRDA:115,14,1,0
BRDA:124,15,0,0
BRDA:124,15,1,0
BRDA:145,16,0,0
BRDA:145,16,1,0
BRDA:149,17,0,0
BRDA:149,17,1,0
BRDA:158,18,0,0
BRDA:158,18,1,0
BRDA:165,19,0,0
BRDA:165,19,1,0
BRDA:167,20,0,0
BRDA:167,20,1,0
BRDA:173,21,0,0
BRDA:173,21,1,0
BRDA:175,22,0,0
BRDA:175,22,1,0
BRDA:190,23,0,0
BRDA:190,23,1,0
BRF:50
BRH:0
end_of_record
TN:
SF:src/controllers/notificationController.js
FN:6,(anonymous_0)
FN:29,(anonymous_1)
FN:66,(anonymous_2)
FN:87,(anonymous_3)
FN:118,(anonymous_4)
FN:140,(anonymous_5)
FNF:6
FNH:0
FNDA:0,(anonymous_0)
FNDA:0,(anonymous_1)
FNDA:0,(anonymous_2)
FNDA:0,(anonymous_3)
FNDA:0,(anonymous_4)
FNDA:0,(anonymous_5)
DA:1,0
DA:6,0
DA:7,0
DA:8,0
DA:14,0
DA:19,0
DA:29,0
DA:30,0
DA:31,0
DA:33,0
DA:34,0
DA:35,0
DA:37,0
DA:44,0
DA:46,0
DA:56,0
DA:66,0
DA:67,0
DA:68,0
DA:72,0
DA:77,0
DA:87,0
DA:88,0
DA:89,0
DA:93,0
DA:94,0
DA:100,0
DA:101,0
DA:103,0
DA:108,0
DA:118,0
DA:119,0
DA:120,0
DA:125,0
DA:130,0
DA:140,0
DA:141,0
DA:142,0
DA:146,0
DA:147,0
DA:153,0
DA:158,0
LF:42
LH:0
BRDA:31,0,0,0
BRDA:31,1,0,0
BRDA:31,2,0,0
BRDA:31,3,0,0
BRDA:34,4,0,0
BRDA:34,4,1,0
BRDA:35,5,0,0
BRDA:35,5,1,0
BRDA:52,6,0,0
BRDA:52,6,1,0
BRDA:93,7,0,0
BRDA:93,7,1,0
BRDA:146,8,0,0
BRDA:146,8,1,0
BRF:14
BRH:0
end_of_record
TN:
SF:src/controllers/projectController.js
FN:9,(anonymous_0)
FN:44,(anonymous_1)
FN:65,(anonymous_2)
FN:105,(anonymous_3)
FN:146,(anonymous_4)
FN:176,(anonymous_5)
FNF:6
FNH:0
FNDA:0,(anonymous_0)
FNDA:0,(anonymous_1)
FNDA:0,(anonymous_2)
FNDA:0,(anonymous_3)
FNDA:0,(anonymous_4)
FNDA:0,(anonymous_5)
DA:1,0
DA:2,0
DA:3,0
DA:4,0
DA:9,0
DA:10,0
DA:12,0
DA:20,0
DA:33,0
DA:35,0
DA:37,0
DA:44,0
DA:45,0
DA:46,0
DA:52,0
DA:53,0
DA:56,0
DA:58,0
DA:65,0
DA:66,0
DA:67,0
DA:69,0
DA:70,0
DA:73,0
DA:82,0
DA:89,0
DA:96,0
DA:98,0
DA:105,0
DA:106,0
DA:107,0
DA:108,0
DA:110,0
DA:111,0
DA:115,0
DA:116,0
DA:117,0
DA:118,0
DA:121,0
DA:124,0
DA:132,0
DA:135,0
DA:137,0
DA:139,0
DA:146,0
DA:147,0
DA:148,0
DA:150,0
DA:151,0
DA:155,0
DA:156,0
DA:157,0
DA:158,0
DA:161,0
DA:162,0
DA:165,0
DA:167,0
DA:169,0
DA:176,0
DA:177,0
DA:178,0
DA:181,0
DA:191,0
DA:201,0
DA:202,0
DA:204,0
DA:219,0
DA:232,0
DA:233,0
DA:240,0
DA:255,0
DA:259,0
LF:72
LH:0
BRDA:52,0,0,0
BRDA:52,0,1,0
BRDA:69,1,0,0
BRDA:69,1,1,0
BRDA:110,2,0,0
BRDA:110,2,1,0
BRDA:116,3,0,0
BRDA:116,3,1,0
BRDA:117,4,0,0
BRDA:117,4,1,0
BRDA:117,5,0,0
BRDA:117,5,1,0
BRDA:150,6,0,0
BRDA:150,6,1,0
BRDA:156,7,0,0
BRDA:156,7,1,0
BRDA:157,8,0,0
BRDA:157,8,1,0
BRDA:157,9,0,0
BRDA:157,9,1,0
BRDA:250,10,0,0
BRDA:250,10,1,0
BRF:22
BRH:0
end_of_record
TN:
SF:src/controllers/storageController.js
FN:5,(anonymous_0)
FN:24,(anonymous_1)
FN:41,(anonymous_2)
FN:50,(anonymous_3)
FN:84,(anonymous_4)
FN:97,(anonymous_5)
FN:122,(anonymous_6)
FN:161,(anonymous_7)
FN:214,(anonymous_8)
FN:255,(anonymous_9)
FN:317,(anonymous_10)
FN:348,(anonymous_11)
FN:378,(anonymous_12)
FNF:13
FNH:0
FNDA:0,(anonymous_0)
FNDA:0,(anonymous_1)
FNDA:0,(anonymous_2)
FNDA:0,(anonymous_3)
FNDA:0,(anonymous_4)
FNDA:0,(anonymous_5)
FNDA:0,(anonymous_6)
FNDA:0,(anonymous_7)
FNDA:0,(anonymous_8)
FNDA:0,(anonymous_9)
FNDA:0,(anonymous_10)
FNDA:0,(anonymous_11)
FNDA:0,(anonymous_12)
DA:1,0
DA:2,0
DA:5,0
DA:6,0
DA:7,0
DA:8,0
DA:9,0
DA:10,0
DA:11,0
DA:12,0
DA:14,0
DA:15,0
DA:16,0
DA:17,0
DA:18,0
DA:19,0
DA:20,0
DA:24,0
DA:25,0
DA:26,0
DA:29,0
DA:30,0
DA:32,0
DA:35,0
DA:40,0
DA:41,0
DA:42,0
DA:43,0
DA:44,0
DA:46,0
DA:47,0
DA:50,0
DA:57,0
DA:70,0
DA:71,0
DA:74,0
DA:75,0
DA:84,0
DA:89,0
DA:97,0
DA:113,0
DA:114,0
DA:122,0
DA:123,0
DA:135,0
DA:137,0
DA:138,0
DA:141,0
DA:142,0
DA:147,0
DA:149,0
DA:158,0
DA:159,0
DA:160,0
DA:161,0
DA:164,0
DA:168,0
DA:169,0
DA:172,0
DA:173,0
DA:179,0
DA:180,0
DA:187,0
DA:214,0
DA:215,0
DA:216,0
DA:233,0
DA:246,0
DA:247,0
DA:255,0
DA:256,0
DA:257,0
DA:259,0
DA:282,0
DA:283,0
DA:289,0
DA:308,0
DA:309,0
DA:317,0
DA:318,0
DA:319,0
DA:321,0
DA:323,0
DA:324,0
DA:331,0
DA:339,0
DA:340,0
DA:348,0
DA:349,0
DA:350,0
DA:352,0
DA:354,0
DA:355,0
DA:362,0
DA:364,0
DA:369,0
DA:370,0
DA:378,0
DA:379,0
DA:380,0
DA:382,0
DA:383,0
DA:389,0
DA:393,0
DA:394,0
DA:401,0
DA:403,0
DA:408,0
DA:409,0
DA:416,0
LF:110
LH:0
BRDA:14,0,0,0
BRDA:14,0,1,0
BRDA:15,1,0,0
BRDA:15,1,1,0
BRDA:16,2,0,0
BRDA:16,2,1,0
BRDA:17,3,0,0
BRDA:17,3,1,0
BRDA:18,4,0,0
BRDA:18,4,1,0
BRDA:19,5,0,0
BRDA:19,5,1,0
BRDA:30,6,0,0
BRDA:30,6,1,0
BRDA:43,7,0,0
BRDA:43,7,1,0
BRDA:47,8,0,0
BRDA:47,8,1,0
BRDA:86,9,0,0
BRDA:86,9,1,0
BRDA:99,10,0,0
BRDA:99,10,1,0
BRDA:100,11,0,0
BRDA:100,11,1,0
BRDA:101,12,0,0
BRDA:101,12,1,0
BRDA:102,13,0,0
BRDA:102,13,1,0
BRDA:106,14,0,0
BRDA:106,14,1,0
BRDA:107,15,0,0
BRDA:107,15,1,0
BRDA:108,16,0,0
BRDA:108,16,1,0
BRDA:125,17,0,0
BRDA:126,18,0,0
BRDA:131,19,0,0
BRDA:132,20,0,0
BRDA:141,21,0,0
BRDA:141,21,1,0
BRDA:147,22,0,0
BRDA:147,22,1,0
BRDA:159,23,0,0
BRDA:159,23,1,0
BRDA:159,24,0,0
BRDA:159,24,1,0
BRDA:168,25,0,0
BRDA:168,25,1,0
BRDA:172,26,0,0
BRDA:172,26,1,0
BRDA:179,27,0,0
BRDA:179,27,1,0
BRDA:223,28,0,0
BRDA:223,28,1,0
BRDA:224,29,0,0
BRDA:224,29,1,0
BRDA:225,30,0,0
BRDA:225,30,1,0
BRDA:226,31,0,0
BRDA:226,31,1,0
BRDA:282,32,0,0
BRDA:282,32,1,0
BRDA:298,33,0,0
BRDA:298,33,1,0
BRDA:299,34,0,0
BRDA:299,34,1,0
BRDA:300,35,0,0
BRDA:300,35,1,0
BRDA:301,36,0,0
BRDA:301,36,1,0
BRDA:323,37,0,0
BRDA:323,37,1,0
BRDA:354,38,0,0
BRDA:354,38,1,0
BRDA:382,39,0,0
BRDA:382,39,1,0
BRDA:382,40,0,0
BRDA:382,40,1,0
BRDA:382,40,2,0
BRDA:393,41,0,0
BRDA:393,41,1,0
BRF:81
BRH:0
end_of_record
TN:
SF:src/controllers/taskController.js
FN:11,(anonymous_0)
FN:30,(anonymous_1)
FN:68,(anonymous_2)
FN:81,(anonymous_3)
FN:133,(anonymous_4)
FN:203,(anonymous_5)
FN:316,(anonymous_6)
FNF:7
FNH:0
FNDA:0,(anonymous_0)
FNDA:0,(anonymous_1)
FNDA:0,(anonymous_2)
FNDA:0,(anonymous_3)
FNDA:0,(anonymous_4)
FNDA:0,(anonymous_5)
FNDA:0,(anonymous_6)
DA:1,0
DA:2,0
DA:3,0
DA:4,0
DA:5,0
DA:6,0
DA:11,0
DA:12,0
DA:13,0
DA:21,0
DA:23,0
DA:30,0
DA:31,0
DA:32,0
DA:55,0
DA:56,0
DA:59,0
DA:61,0
DA:68,0
DA:69,0
DA:70,0
DA:71,0
DA:73,0
DA:76,0
DA:77,0
DA:80,0
DA:81,0
DA:83,0
DA:84,0
DA:87,0
DA:91,0
DA:92,0
DA:99,0
DA:100,0
DA:101,0
DA:104,0
DA:105,0
DA:108,0
DA:109,0
DA:110,0
DA:111,0
DA:114,0
DA:124,0
DA:126,0
DA:133,0
DA:134,0
DA:135,0
DA:137,0
DA:138,0
DA:142,0
DA:143,0
DA:144,0
DA:150,0
DA:163,0
DA:172,0
DA:173,0
DA:174,0
DA:186,0
DA:192,0
DA:194,0
DA:196,0
DA:203,0
DA:204,0
DA:205,0
DA:207,0
DA:208,0
DA:212,0
DA:213,0
DA:214,0
DA:221,0
DA:225,0
DA:227,0
DA:228,0
DA:234,0
DA:235,0
DA:237,0
DA:240,0
DA:241,0
DA:251,0
DA:252,0
DA:253,0
DA:254,0
DA:256,0
DA:257,0
DA:258,0
DA:262,0
DA:271,0
DA:272,0
DA:273,0
DA:286,0
DA:287,0
DA:299,0
DA:305,0
DA:307,0
DA:309,0
DA:316,0
DA:317,0
DA:318,0
DA:320,0
DA:321,0
DA:325,0
DA:326,0
DA:327,0
DA:333,0
DA:334,0
DA:335,0
DA:338,0
DA:340,0
DA:342,0
DA:346,0
LF:110
LH:0
BRDA:55,0,0,0
BRDA:55,0,1,0
BRDA:76,1,0,0
BRDA:76,1,1,0
BRDA:83,2,0,0
BRDA:83,2,1,0
BRDA:91,3,0,0
BRDA:91,3,1,0
BRDA:99,4,0,0
BRDA:99,4,1,0
BRDA:100,5,0,0
BRDA:100,5,1,0
BRDA:101,6,0,0
BRDA:101,6,1,0
BRDA:104,7,0,0
BRDA:104,7,1,0
BRDA:104,8,0,0
BRDA:104,8,1,0
BRDA:108,9,0,0
BRDA:108,9,1,0
BRDA:110,10,0,0
BRDA:110,10,1,0
BRDA:137,11,0,0
BRDA:137,11,1,0
BRDA:137,12,0,0
BRDA:137,12,1,0
BRDA:143,13,0,0
BRDA:143,13,1,0
BRDA:143,14,0,0
BRDA:143,14,1,0
BRDA:143,14,2,0
BRDA:156,15,0,0
BRDA:156,15,1,0
BRDA:157,16,0,0
BRDA:157,16,1,0
BRDA:159,17,0,0
BRDA:159,17,1,0
BRDA:172,18,0,0
BRDA:172,18,1,0
BRDA:172,19,0,0
BRDA:172,19,1,0
BRDA:178,20,0,0
BRDA:178,20,1,0
BRDA:207,21,0,0
BRDA:207,21,1,0
BRDA:213,22,0,0
BRDA:213,22,1,0
BRDA:221,23,0,0
BRDA:221,23,1,0
BRDA:225,24,0,0
BRDA:225,24,1,0
BRDA:225,24,2,0
BRDA:227,25,0,0
BRDA:227,25,1,0
BRDA:227,26,0,0
BRDA:227,26,1,0
BRDA:240,27,0,0
BRDA:240,27,1,0
BRDA:240,28,0,0
BRDA:240,28,1,0
BRDA:251,29,0,0
BRDA:251,29,1,0
BRDA:251,30,0,0
BRDA:251,30,1,0
BRDA:253,31,0,0
BRDA:253,31,1,0
BRDA:257,32,0,0
BRDA:257,32,1,0
BRDA:271,33,0,0
BRDA:271,33,1,0
BRDA:277,34,0,0
BRDA:277,34,1,0
BRDA:286,35,0,0
BRDA:286,35,1,0
BRDA:286,36,0,0
BRDA:286,36,1,0
BRDA:286,36,2,0
BRDA:320,37,0,0
BRDA:320,37,1,0
BRDA:326,38,0,0
BRDA:326,38,1,0
BRDA:326,39,0,0
BRDA:326,39,1,0
BRDA:326,39,2,0
BRF:84
BRH:0
end_of_record
TN:
SF:src/controllers/userController.js
FN:7,(anonymous_0)
FN:24,(anonymous_1)
FN:41,(anonymous_2)
FN:68,(anonymous_3)
FNF:4
FNH:0
FNDA:0,(anonymous_0)
FNDA:0,(anonymous_1)
FNDA:0,(anonymous_2)
FNDA:0,(anonymous_3)
DA:1,0
DA:2,0
DA:7,0
DA:8,0
DA:9,0
DA:12,0
DA:13,0
DA:15,0
DA:17,0
DA:24,0
DA:25,0
DA:26,0
DA:29,0
DA:30,0
DA:32,0
DA:34,0
DA:41,0
DA:42,0
DA:43,0
DA:44,0
DA:45,0
DA:48,0
DA:59,0
DA:61,0
DA:68,0
DA:69,0
DA:70,0
DA:71,0
DA:72,0
DA:75,0
DA:76,0
DA:77,0
DA:79,0
DA:81,0
DA:92,0
DA:96,0
LF:36
LH:0
BRDA:12,0,0,0
BRDA:12,0,1,0
BRDA:29,1,0,0
BRDA:29,1,1,0
BRDA:44,2,0,0
BRDA:44,2,1,0
BRDA:71,3,0,0
BRDA:71,3,1,0
BRDA:76,4,0,0
BRDA:76,4,1,0
BRDA:77,5,0,0
BRDA:77,5,1,0
BRF:12
BRH:0
end_of_record
TN:
SF:src/middleware/adminAuth.js
FN:5,(anonymous_0)
FN:60,(anonymous_1)
FN:61,(anonymous_2)
FNF:3
FNH:0
FNDA:0,(anonymous_0)
FNDA:0,(anonymous_1)
FNDA:0,(anonymous_2)
DA:1,0
DA:2,0
DA:5,0
DA:6,0
DA:7,0
DA:9,0
DA:10,0
DA:16,0
DA:17,0
DA:19,0
DA:20,0
DA:27,0
DA:28,0
DA:34,0
DA:35,0
DA:37,0
DA:38,0
DA:44,0
DA:45,0
DA:51,0
DA:52,0
DA:60,0
DA:61,0
DA:62,0
DA:63,0
DA:64,0
DA:70,0
DA:71,0
DA:77,0
DA:79,0
DA:80,0
DA:89,0
DA:92,0
DA:95,0
DA:97,0
LF:35
LH:0
BRDA:9,0,0,0
BRDA:9,0,1,0
BRDA:19,1,0,0
BRDA:19,1,1,0
BRDA:27,2,0,0
BRDA:27,2,1,0
BRDA:37,3,0,0
BRDA:37,3,1,0
BRDA:44,4,0,0
BRDA:44,4,1,0
BRDA:63,5,0,0
BRDA:63,5,1,0
BRDA:63,6,0,0
BRDA:63,6,1,0
BRDA:70,7,0,0
BRDA:70,7,1,0
BRF:16
BRH:0
end_of_record
TN:
SF:src/middleware/adminPermissions.js
FN:4,(anonymous_0)
FN:29,(anonymous_1)
FN:52,(anonymous_2)
FN:66,(anonymous_3)
FN:67,(anonymous_4)
FN:91,(anonymous_5)
FN:92,(anonymous_6)
FN:124,(anonymous_7)
FN:143,(anonymous_8)
FN:144,(anonymous_9)
FN:147,(anonymous_10)
FNF:11
FNH:0
FNDA:0,(anonymous_0)
FNDA:0,(anonymous_1)
FNDA:0,(anonymous_2)
FNDA:0,(anonymous_3)
FNDA:0,(anonymous_4)
FNDA:0,(anonymous_5)
FNDA:0,(anonymous_6)
FNDA:0,(anonymous_7)
FNDA:0,(anonymous_8)
FNDA:0,(anonymous_9)
FNDA:0,(anonymous_10)
DA:1,0
DA:4,0
DA:5,0
DA:6,0
DA:17,0
DA:18,0
DA:21,0
DA:23,0
DA:24,0
DA:29,0
DA:30,0
DA:31,0
DA:42,0
DA:43,0
DA:47,0
DA:48,0
DA:52,0
DA:53,0
DA:58,0
DA:60,0
DA:61,0
DA:66,0
DA:67,0
DA:68,0
DA:69,0
DA:70,0
DA:72,0
DA:73,0
DA:79,0
DA:81,0
DA:82,0
DA:91,0
DA:92,0
DA:93,0
DA:94,0
DA:95,0
DA:97,0
DA:98,0
DA:99,0
DA:100,0
DA:101,0
DA:105,0
DA:106,0
DA:112,0
DA:114,0
DA:115,0
DA:124,0
DA:125,0
DA:126,0
DA:138,0
DA:143,0
DA:144,0
DA:145,0
DA:147,0
DA:149,0
DA:150,0
DA:166,0
DA:169,0
DA:174,0
DA:202,0
LF:60
LH:0
BRDA:17,0,0,0
BRDA:17,0,1,0
BRDA:17,1,0,0
BRDA:17,1,1,0
BRDA:21,2,0,0
BRDA:21,2,1,0
BRDA:42,3,0,0
BRDA:42,3,1,0
BRDA:42,4,0,0
BRDA:42,4,1,0
BRDA:47,5,0,0
BRDA:47,5,1,0
BRDA:53,6,0,0
BRDA:53,6,1,0
BRDA:53,6,2,0
BRDA:72,7,0,0
BRDA:72,7,1,0
BRDA:99,8,0,0
BRDA:99,8,1,0
BRDA:105,9,0,0
BRDA:105,9,1,0
BRDA:124,10,0,0
BRDA:124,11,0,0
BRDA:124,12,0,0
BRDA:124,13,0,0
BRDA:149,14,0,0
BRDA:149,14,1,0
BRDA:149,15,0,0
BRDA:149,15,1,0
BRDA:154,16,0,0
BRDA:154,16,1,0
BRF:31
BRH:0
end_of_record
TN:
SF:src/middleware/auth.js
FN:3,(anonymous_0)
FN:11,(anonymous_1)
FNF:2
FNH:0
FNDA:0,(anonymous_0)
FNDA:0,(anonymous_1)
DA:1,0
DA:3,0
DA:4,0
DA:5,0
DA:7,0
DA:8,0
DA:11,0
DA:12,0
DA:13,0
DA:17,0
DA:23,0
DA:27,0
LF:12
LH:0
BRDA:5,0,0,0
BRDA:5,0,1,0
BRDA:7,1,0,0
BRDA:7,1,1,0
BRDA:12,2,0,0
BRDA:12,2,1,0
BRDA:18,3,0,0
BRDA:18,3,1,0
BRDA:20,4,0,0
BRDA:20,4,1,0
BRF:10
BRH:0
end_of_record
TN:
SF:src/middleware/errorHandler.js
FN:1,(anonymous_0)
FNF:1
FNH:0
FNDA:0,(anonymous_0)
DA:1,0
DA:2,0
DA:4,0
DA:5,0
DA:7,0
DA:14,0
LF:6
LH:0
BRDA:4,0,0,0
BRDA:4,0,1,0
BRDA:5,1,0,0
BRDA:5,1,1,0
BRDA:10,2,0,0
BRDA:10,2,1,0
BRF:6
BRH:0
end_of_record
TN:
SF:src/middleware/rbac.js
FN:11,(anonymous_0)
FN:21,(anonymous_1)
FN:22,(anonymous_2)
FN:80,(anonymous_3)
FN:81,(anonymous_4)
FN:124,(anonymous_5)
FNF:6
FNH:0
FNDA:0,(anonymous_0)
FNDA:0,(anonymous_1)
FNDA:0,(anonymous_2)
FNDA:0,(anonymous_3)
FNDA:0,(anonymous_4)
FNDA:0,(anonymous_5)
DA:6,0
DA:11,0
DA:12,0
DA:15,0
DA:21,0
DA:22,0
DA:23,0
DA:24,0
DA:26,0
DA:27,0
DA:33,0
DA:35,0
DA:36,0
DA:43,0
DA:49,0
DA:50,0
DA:52,0
DA:53,0
DA:60,0
DA:61,0
DA:63,0
DA:64,0
DA:75,0
DA:80,0
DA:81,0
DA:82,0
DA:83,0
DA:85,0
DA:86,0
DA:92,0
DA:94,0
DA:95,0
DA:102,0
DA:103,0
DA:109,0
DA:110,0
DA:112,0
DA:113,0
DA:124,0
DA:125,0
DA:126,0
DA:128,0
DA:129,0
DA:135,0
DA:137,0
DA:138,0
DA:144,0
DA:145,0
DA:147,0
DA:148,0
DA:155,0
LF:51
LH:0
BRDA:15,0,0,0
BRDA:15,0,1,0
BRDA:26,1,0,0
BRDA:26,1,1,0
BRDA:35,2,0,0
BRDA:35,2,1,0
BRDA:49,3,0,0
BRDA:49,3,1,0
BRDA:50,4,0,0
BRDA:50,4,1,0
BRDA:52,5,0,0
BRDA:52,5,1,0
BRDA:80,6,0,0
BRDA:85,7,0,0
BRDA:85,7,1,0
BRDA:94,8,0,0
BRDA:94,8,1,0
BRDA:102,9,0,0
BRDA:102,9,1,0
BRDA:102,10,0,0
BRDA:102,10,1,0
BRDA:128,11,0,0
BRDA:128,11,1,0
BRDA:137,12,0,0
BRDA:137,12,1,0
BRF:25
BRH:0
end_of_record
TN:
SF:src/middleware/upload.js
FN:13,(anonymous_0)
FN:16,(anonymous_1)
FN:25,(anonymous_2)
FNF:3
FNH:0
FNDA:0,(anonymous_0)
FNDA:0,(anonymous_1)
FNDA:0,(anonymous_2)
DA:1,0
DA:2,0
DA:3,0
DA:6,0
DA:7,0
DA:8,0
DA:12,0
DA:14,0
DA:18,0
DA:19,0
DA:20,0
DA:25,0
DA:27,0
DA:28,0
DA:30,0
DA:35,0
DA:44,0
DA:46,0
LF:18
LH:0
BRDA:7,0,0,0
BRDA:7,0,1,0
BRDA:27,1,0,0
BRDA:27,1,1,0
BRF:4
BRH:0
end_of_record
TN:
SF:src/models/Activity.js
FNF:0
FNH:0
DA:1,1
DA:2,1
DA:4,1
DA:49,1
LF:4
LH:4
BRF:0
BRH:0
end_of_record
TN:
SF:src/models/AdminNotificationPreferences.js
FNF:0
FNH:0
DA:1,1
DA:2,1
DA:4,1
DA:85,1
LF:4
LH:4
BRF:0
BRH:0
end_of_record
TN:
SF:src/models/AdminPermission.js
FNF:0
FNH:0
DA:1,1
DA:2,1
DA:4,1
DA:52,1
LF:4
LH:4
BRF:0
BRH:0
end_of_record
TN:
SF:src/models/AdminRole.js
FNF:0
FNH:0
DA:1,1
DA:2,1
DA:4,1
DA:51,1
LF:4
LH:4
BRF:0
BRH:0
end_of_record
TN:
SF:src/models/Attachment.js
FNF:0
FNH:0
DA:1,1
DA:2,1
DA:4,1
DA:41,1
LF:4
LH:4
BRF:0
BRH:0
end_of_record
TN:
SF:src/models/Comment.js
FNF:0
FNH:0
DA:1,1
DA:2,1
DA:4,1
DA:31,1
LF:4
LH:4
BRF:0
BRH:0
end_of_record
TN:
SF:src/models/ImpersonationLog.js
FNF:0
FNH:0
DA:1,1
DA:2,1
DA:4,1
DA:55,1
LF:4
LH:4
BRF:0
BRH:0
end_of_record
TN:
SF:src/models/Invitation.js
FN:54,(anonymous_0)
FNF:1
FNH:0
FNDA:0,(anonymous_0)
DA:1,1
DA:2,1
DA:4,1
DA:55,0
DA:56,0
DA:63,1
LF:6
LH:4
BRDA:55,0,0,0
BRDA:55,0,1,0
BRDA:55,1,0,0
BRDA:55,1,1,0
BRF:4
BRH:0
end_of_record
TN:
SF:src/models/Notification.js
FNF:0
FNH:0
DA:1,1
DA:2,1
DA:4,1
DA:55,1
LF:4
LH:4
BRF:0
BRH:0
end_of_record
TN:
SF:src/models/NotificationDeliveryLog.js
FNF:0
FNH:0
DA:1,1
DA:2,1
DA:4,1
DA:91,1
LF:4
LH:4
BRF:0
BRH:0
end_of_record
TN:
SF:src/models/NotificationTemplate.js
FNF:0
FNH:0
DA:1,1
DA:2,1
DA:4,1
DA:91,1
LF:4
LH:4
BRF:0
BRH:0
end_of_record
TN:
SF:src/models/Project.js
FNF:0
FNH:0
DA:1,1
DA:2,1
DA:3,1
DA:5,1
DA:41,1
LF:5
LH:5
BRF:0
BRH:0
end_of_record
TN:
SF:src/models/ProjectMember.js
FNF:0
FNH:0
DA:1,1
DA:2,1
DA:4,1
DA:27,1
LF:4
LH:4
BRF:0
BRH:0
end_of_record
TN:
SF:src/models/ProjectPermission.js
FNF:0
FNH:0
DA:1,1
DA:2,1
DA:4,1
DA:61,1
LF:4
LH:4
BRF:0
BRH:0
end_of_record
TN:
SF:src/models/Reaction.js
FNF:0
FNH:0
DA:1,1
DA:2,1
DA:4,1
DA:27,1
LF:4
LH:4
BRF:0
BRH:0
end_of_record
TN:
SF:src/models/SystemLog.js
FNF:0
FNH:0
DA:1,1
DA:2,1
DA:4,1
DA:75,1
LF:4
LH:4
BRF:0
BRH:0
end_of_record
TN:
SF:src/models/SystemNotification.js
FNF:0
FNH:0
DA:1,1
DA:2,1
DA:4,1
DA:144,1
LF:4
LH:4
BRF:0
BRH:0
end_of_record
TN:
SF:src/models/SystemSetting.js
FNF:0
FNH:0
DA:1,1
DA:2,1
DA:4,1
DA:60,1
LF:4
LH:4
BRF:0
BRH:0
end_of_record
TN:
SF:src/models/Task.js
FNF:0
FNH:0
DA:1,1
DA:2,1
DA:4,1
DA:52,1
LF:4
LH:4
BRF:0
BRH:0
end_of_record
TN:
SF:src/models/User.js
FNF:0
FNH:0
DA:1,1
DA:2,1
DA:4,1
DA:98,1
LF:4
LH:4
BRF:0
BRH:0
end_of_record
TN:
SF:src/models/admin.js
FNF:0
FNH:0
DA:1,0
DA:2,0
DA:3,0
DA:4,0
DA:5,0
DA:8,0
DA:15,0
DA:23,0
DA:28,0
DA:34,0
DA:39,0
DA:45,0
DA:50,0
DA:55,0
LF:14
LH:0
BRF:0
BRH:0
end_of_record
TN:
SF:src/models/index.js
FNF:0
FNH:0
DA:1,1
DA:2,1
DA:3,1
DA:4,1
DA:5,1
DA:6,1
DA:7,1
DA:8,1
DA:9,1
DA:10,1
DA:11,1
DA:14,1
DA:15,1
DA:16,1
DA:17,1
DA:18,1
DA:19,1
DA:20,1
DA:21,1
DA:24,1
DA:27,1
DA:30,1
DA:31,1
DA:32,1
DA:33,1
DA:34,1
DA:35,1
DA:36,1
DA:37,1
DA:40,1
DA:41,1
DA:42,1
DA:43,1
DA:46,1
DA:47,1
DA:48,1
DA:49,1
DA:50,1
DA:51,1
DA:54,1
DA:55,1
DA:58,1
DA:59,1
DA:60,1
DA:61,1
DA:62,1
DA:63,1
DA:64,1
DA:67,1
DA:68,1
DA:69,1
DA:70,1
DA:71,1
DA:72,1
DA:75,1
DA:76,1
DA:77,1
DA:80,1
DA:81,1
DA:82,1
DA:85,1
DA:86,1
DA:87,1
DA:90,1
DA:91,1
DA:92,1
DA:95,1
DA:96,1
DA:100,1
DA:107,1
DA:115,1
DA:120,1
DA:126,1
DA:131,1
DA:137,1
DA:142,1
DA:147,1
DA:153,1
DA:158,1
DA:164,1
DA:169,1
DA:174,1
DA:179,1
DA:184,1
DA:189,1
DA:194,1
DA:199,1
DA:204,1
DA:209,1
DA:214,1
DA:219,1
DA:224,1
LF:92
LH:92
BRF:0
BRH:0
end_of_record
TN:
SF:src/routes/activityRoutes.js
FNF:0
FNH:0
DA:1,0
DA:2,0
DA:6,0
DA:7,0
DA:9,0
DA:11,0
DA:12,0
DA:14,0
LF:8
LH:0
BRF:0
BRH:0
end_of_record
TN:
SF:src/routes/adminRoutes.js
FNF:0
FNH:0
DA:1,0
DA:2,0
DA:5,0
DA:6,0
DA:7,0
DA:10,0
DA:11,0
DA:12,0
DA:13,0
DA:16,0
DA:19,0
DA:20,0
DA:23,0
DA:24,0
DA:25,0
DA:30,0
DA:35,0
DA:39,0
DA:45,0
DA:46,0
DA:47,0
DA:51,0
DA:57,0
DA:58,0
DA:59,0
DA:63,0
DA:67,0
DA:71,0
DA:75,0
DA:79,0
DA:85,0
DA:89,0
DA:93,0
DA:97,0
DA:101,0
DA:105,0
DA:109,0
DA:113,0
DA:119,0
DA:124,0
DA:129,0
DA:134,0
DA:140,0
DA:146,0
DA:153,0
DA:154,0
DA:155,0
DA:156,0
DA:157,0
DA:158,0
DA:163,0
DA:164,0
DA:165,0
DA:166,0
DA:167,0
DA:170,0
DA:171,0
DA:172,0
DA:173,0
DA:174,0
DA:175,0
DA:176,0
DA:177,0
DA:178,0
DA:180,0
LF:65
LH:0
BRF:0
BRH:0
end_of_record
TN:
SF:src/routes/authRoutes.js
FNF:0
FNH:0
DA:1,0
DA:2,0
DA:12,0
DA:15,0
DA:18,0
DA:21,0
DA:24,0
DA:27,0
DA:30,0
DA:33,0
DA:36,0
DA:38,0
LF:12
LH:0
BRF:0
BRH:0
end_of_record
TN:
SF:src/routes/impersonationRoutes.js
FNF:0
FNH:0
DA:1,0
DA:2,0
DA:8,0
DA:11,0
DA:14,0
DA:19,0
DA:24,0
DA:29,0
DA:34,0
DA:36,0
LF:10
LH:0
BRF:0
BRH:0
end_of_record
TN:
SF:src/routes/invitationRoutes.js
FNF:0
FNH:0
DA:1,0
DA:2,0
DA:3,0
DA:4,0
DA:6,0
DA:9,0
DA:10,0
DA:11,0
DA:14,0
DA:15,0
DA:16,0
DA:18,0
LF:12
LH:0
BRF:0
BRH:0
end_of_record
TN:
SF:src/routes/notificationRoutes.js
FNF:0
FNH:0
DA:1,0
DA:2,0
DA:3,0
DA:4,0
DA:6,0
DA:8,0
DA:9,0
DA:10,0
DA:11,0
DA:12,0
DA:13,0
DA:15,0
LF:12
LH:0
BRF:0
BRH:0
end_of_record
TN:
SF:src/routes/projectRoutes.js
FNF:0
FNH:0
DA:1,0
DA:2,0
DA:10,0
DA:16,0
DA:17,0
DA:18,0
DA:21,0
DA:24,0
DA:25,0
DA:26,0
DA:29,0
DA:30,0
DA:33,0
DA:36,0
DA:37,0
DA:38,0
DA:39,0
DA:41,0
LF:18
LH:0
BRF:0
BRH:0
end_of_record
TN:
SF:src/routes/simpleAdminRoutes.js
FN:7,(anonymous_0)
FNF:1
FNH:0
FNDA:0,(anonymous_0)
DA:1,0
DA:2,0
DA:3,0
DA:4,0
DA:7,0
DA:8,0
DA:9,0
DA:12,0
DA:15,0
DA:27,0
DA:28,0
DA:31,0
DA:35,0
DA:38,0
DA:48,0
DA:49,0
DA:56,0
LF:17
LH:0
BRDA:27,0,0,0
BRDA:27,0,1,0
BRF:2
BRH:0
end_of_record
TN:
SF:src/routes/taskRoutes.js
FNF:0
FNH:0
DA:1,0
DA:2,0
DA:10,0
DA:17,0
DA:22,0
DA:23,0
DA:24,0
DA:25,0
DA:28,0
DA:31,0
DA:32,0
DA:33,0
DA:36,0
DA:37,0
DA:38,0
DA:41,0
DA:42,0
DA:43,0
DA:44,0
DA:45,0
DA:48,0
DA:49,0
DA:50,0
DA:52,0
LF:24
LH:0
BRF:0
BRH:0
end_of_record
TN:
SF:src/routes/tempRoutes.js
FN:7,(anonymous_0)
FNF:1
FNH:0
FNDA:0,(anonymous_0)
DA:1,0
DA:2,0
DA:3,0
DA:4,0
DA:7,0
DA:8,0
DA:9,0
DA:12,0
DA:22,0
DA:23,0
DA:26,0
DA:34,0
DA:35,0
DA:42,0
DA:43,0
DA:47,0
DA:50,0
DA:62,0
DA:63,0
DA:66,0
DA:70,0
DA:73,0
DA:83,0
DA:84,0
DA:91,0
LF:25
LH:0
BRDA:22,0,0,0
BRDA:22,0,1,0
BRDA:62,1,0,0
BRDA:62,1,1,0
BRF:4
BRH:0
end_of_record
TN:
SF:src/routes/userRoutes.js
FNF:0
FNH:0
DA:1,0
DA:2,0
DA:8,0
DA:9,0
DA:11,0
DA:13,0
DA:14,0
DA:15,0
DA:16,0
DA:18,0
LF:10
LH:0
BRF:0
BRH:0
end_of_record
TN:
SF:src/utils/activity.js
FN:12,(anonymous_0)
FNF:1
FNH:0
FNDA:0,(anonymous_0)
DA:1,0
DA:12,0
DA:13,0
DA:14,0
DA:22,0
DA:27,0
LF:6
LH:0
BRDA:17,0,0,0
BRDA:17,0,1,0
BRDA:18,1,0,0
BRDA:18,1,1,0
BRDA:19,2,0,0
BRDA:19,2,1,0
BRF:6
BRH:0
end_of_record
TN:
SF:src/utils/adminNotification.js
FN:22,(anonymous_0)
FN:48,(anonymous_1)
FN:111,(anonymous_2)
FN:132,(anonymous_3)
FN:168,(anonymous_4)
FN:193,(anonymous_5)
FN:223,(anonymous_6)
FN:247,(anonymous_7)
FN:290,(anonymous_8)
FN:304,(anonymous_9)
FN:350,(anonymous_10)
FN:376,(anonymous_11)
FN:415,(anonymous_12)
FN:429,(anonymous_13)
FNF:14
FNH:0
FNDA:0,(anonymous_0)
FNDA:0,(anonymous_1)
FNDA:0,(anonymous_2)
FNDA:0,(anonymous_3)
FNDA:0,(anonymous_4)
FNDA:0,(anonymous_5)
FNDA:0,(anonymous_6)
FNDA:0,(anonymous_7)
FNDA:0,(anonymous_8)
FNDA:0,(anonymous_9)
FNDA:0,(anonymous_10)
FNDA:0,(anonymous_11)
FNDA:0,(anonymous_12)
FNDA:0,(anonymous_13)
DA:7,0
DA:8,0
DA:9,0
DA:12,0
DA:22,0
DA:34,0
DA:36,0
DA:41,0
DA:42,0
DA:43,0
DA:47,0
DA:48,0
DA:52,0
DA:67,0
DA:70,0
DA:71,0
DA:74,0
DA:75,0
DA:79,0
DA:80,0
DA:84,0
DA:87,0
DA:96,0
DA:97,0
DA:101,0
DA:103,0
DA:104,0
DA:111,0
DA:112,0
DA:113,0
DA:122,0
DA:124,0
DA:125,0
DA:132,0
DA:133,0
DA:134,0
DA:139,0
DA:140,0
DA:145,0
DA:147,0
DA:149,0
DA:168,0
DA:170,0
DA:179,0
DA:180,0
DA:184,0
DA:185,0
DA:187,0
DA:193,0
DA:194,0
DA:195,0
DA:198,0
DA:199,0
DA:201,0
DA:202,0
DA:205,0
DA:206,0
DA:208,0
DA:209,0
DA:211,0
DA:213,0
DA:216,0
DA:223,0
DA:224,0
DA:227,0
DA:228,0
DA:232,0
DA:233,0
DA:237,0
DA:238,0
DA:241,0
DA:247,0
DA:248,0
DA:261,0
DA:262,0
DA:263,0
DA:264,0
DA:265,0
DA:267,0
DA:268,0
DA:269,0
DA:270,0
DA:271,0
DA:272,0
DA:275,0
DA:290,0
DA:291,0
DA:293,0
DA:294,0
DA:295,0
DA:298,0
DA:304,0
DA:305,0
DA:306,0
DA:309,0
DA:316,0
DA:317,0
DA:319,0
DA:321,0
DA:322,0
DA:324,0
DA:325,0
DA:327,0
DA:328,0
DA:330,0
DA:334,0
DA:340,0
DA:342,0
DA:343,0
DA:350,0
DA:351,0
DA:353,0
DA:354,0
DA:364,0
DA:366,0
DA:368,0
DA:369,0
DA:376,0
DA:377,0
DA:378,0
DA:399,0
DA:405,0
DA:407,0
DA:408,0
DA:415,0
DA:416,0
DA:418,0
DA:419,0
DA:421,0
DA:422,0
DA:429,0
DA:438,0
DA:453,0
LF:133
LH:0
BRDA:25,0,0,0
BRDA:28,1,0,0
BRDA:29,2,0,0
BRDA:30,3,0,0
BRDA:31,4,0,0
BRDA:32,5,0,0
BRDA:41,6,0,0
BRDA:41,6,1,0
BRDA:47,7,0,0
BRDA:47,7,1,0
BRDA:60,8,0,0
BRDA:60,8,1,0
BRDA:74,9,0,0
BRDA:74,9,1,0
BRDA:79,10,0,0
BRDA:79,10,1,0
BRDA:79,11,0,0
BRDA:79,11,1,0
BRDA:139,12,0,0
BRDA:139,12,1,0
BRDA:179,13,0,0
BRDA:179,13,1,0
BRDA:184,14,0,0
BRDA:184,14,1,0
BRDA:185,15,0,0
BRDA:185,15,1,0
BRDA:194,16,0,0
BRDA:194,16,1,0
BRDA:201,17,0,0
BRDA:201,17,1,0
BRDA:201,18,0,0
BRDA:201,18,1,0
BRDA:211,19,0,0
BRDA:211,19,1,0
BRDA:213,20,0,0
BRDA:213,20,1,0
BRDA:216,21,0,0
BRDA:216,21,1,0
BRDA:227,22,0,0
BRDA:227,22,1,0
BRDA:232,23,0,0
BRDA:232,23,1,0
BRDA:232,24,0,0
BRDA:232,24,1,0
BRDA:237,25,0,0
BRDA:237,25,1,0
BRDA:237,26,0,0
BRDA:237,26,1,0
BRDA:267,27,0,0
BRDA:267,27,1,0
BRDA:268,28,0,0
BRDA:268,28,1,0
BRDA:269,29,0,0
BRDA:269,29,1,0
BRDA:270,30,0,0
BRDA:270,30,1,0
BRDA:271,31,0,0
BRDA:271,31,1,0
BRDA:272,32,0,0
BRDA:272,32,1,0
BRDA:319,33,0,0
BRDA:319,33,1,0
BRDA:319,33,2,0
BRDA:319,33,3,0
BRDA:335,34,0,0
BRDA:335,34,1,0
BRDA:359,35,0,0
BRDA:359,35,1,0
BRDA:385,36,0,0
BRDA:385,36,1,0
BRDA:418,37,0,0
BRDA:418,37,1,0
BRDA:432,38,0,0
BRDA:433,39,0,0
BRDA:434,40,0,0
BRDA:435,41,0,0
BRDA:436,42,0,0
BRF:77
BRH:0
end_of_record
TN:
SF:src/utils/auth.js
FN:5,(anonymous_0)
FN:15,(anonymous_1)
FN:24,(anonymous_2)
FNF:3
FNH:0
FNDA:0,(anonymous_0)
FNDA:0,(anonymous_1)
FNDA:0,(anonymous_2)
DA:1,1
DA:2,1
DA:5,1
DA:6,0
DA:7,0
DA:8,0
DA:10,0
DA:15,1
DA:16,0
DA:17,0
DA:19,0
DA:24,1
DA:25,0
DA:32,1
LF:14
LH:6
BRDA:24,0,0,0
BRDA:28,1,0,0
BRDA:28,1,1,0
BRDA:28,1,2,0
BRF:4
BRH:0
end_of_record
TN:
SF:src/utils/email.js
FN:11,(anonymous_0)
FN:34,(anonymous_1)
FN:67,(anonymous_2)
FN:97,(anonymous_3)
FNF:4
FNH:0
FNDA:0,(anonymous_0)
FNDA:0,(anonymous_1)
FNDA:0,(anonymous_2)
FNDA:0,(anonymous_3)
DA:1,1
DA:3,1
DA:11,1
DA:12,0
DA:13,0
DA:20,0
DA:21,0
DA:22,0
DA:24,0
DA:26,0
DA:27,0
DA:34,1
DA:35,0
DA:37,0
DA:61,0
DA:67,1
DA:68,0
DA:70,0
DA:91,0
DA:97,1
DA:98,0
DA:124,0
DA:127,1
LF:23
LH:7
BRDA:4,0,0,1
BRDA:4,0,1,1
BRDA:26,1,0,0
BRDA:26,1,1,0
BRDA:67,2,0,0
BRDA:68,3,0,0
BRDA:68,3,1,0
BRF:7
BRH:2
end_of_record
TN:
SF:src/utils/notification.js
FN:4,(anonymous_0)
FNF:1
FNH:0
FNDA:0,(anonymous_0)
DA:1,0
DA:2,0
DA:4,0
DA:5,0
DA:6,0
DA:17,0
DA:19,0
DA:21,0
DA:23,0
DA:27,0
LF:10
LH:0
BRF:0
BRH:0
end_of_record
TN:
SF:src/utils/systemEventTriggers.js
FN:8,(anonymous_0)
FN:35,(anonymous_1)
FN:67,(anonymous_2)
FN:96,(anonymous_3)
FN:124,(anonymous_4)
FN:151,(anonymous_5)
FN:178,(anonymous_6)
FN:203,(anonymous_7)
FN:229,(anonymous_8)
FN:255,(anonymous_9)
FN:282,(anonymous_10)
FN:308,(anonymous_11)
FN:339,(anonymous_12)
FN:353,(anonymous_13)
FN:367,(anonymous_14)
FN:405,(anonymous_15)
FNF:16
FNH:0
FNDA:0,(anonymous_0)
FNDA:0,(anonymous_1)
FNDA:0,(anonymous_2)
FNDA:0,(anonymous_3)
FNDA:0,(anonymous_4)
FNDA:0,(anonymous_5)
FNDA:0,(anonymous_6)
FNDA:0,(anonymous_7)
FNDA:0,(anonymous_8)
FNDA:0,(anonymous_9)
FNDA:0,(anonymous_10)
FNDA:0,(anonymous_11)
FNDA:0,(anonymous_12)
FNDA:0,(anonymous_13)
FNDA:0,(anonymous_14)
FNDA:0,(anonymous_15)
DA:1,0
DA:2,0
DA:9,0
DA:10,0
DA:28,0
DA:36,0
DA:37,0
DA:39,0
DA:60,0
DA:68,0
DA:70,0
DA:71,0
DA:89,0
DA:97,0
DA:98,0
DA:117,0
DA:125,0
DA:126,0
DA:144,0
DA:152,0
DA:153,0
DA:171,0
DA:179,0
DA:180,0
DA:196,0
DA:204,0
DA:205,0
DA:222,0
DA:230,0
DA:231,0
DA:248,0
DA:256,0
DA:257,0
DA:275,0
DA:283,0
DA:284,0
DA:301,0
DA:309,0
DA:310,0
DA:312,0
DA:332,0
DA:340,0
DA:341,0
DA:344,0
DA:352,0
DA:353,0
DA:356,0
DA:357,0
DA:367,0
DA:380,0
DA:381,0
DA:398,0
DA:406,0
DA:407,0
DA:424,0
DA:429,0
LF:56
LH:0
BRDA:37,0,0,0
BRDA:37,0,1,0
BRDA:70,1,0,0
BRDA:70,1,1,0
BRDA:74,2,0,0
BRDA:74,2,1,0
BRDA:208,3,0,0
BRDA:208,3,1,0
BRDA:288,4,0,0
BRDA:288,4,1,0
BRDA:289,5,0,0
BRDA:289,5,1,0
BRDA:310,6,0,0
BRDA:310,6,1,0
BRDA:356,7,0,0
BRDA:356,7,1,0
BRDA:356,8,0,0
BRDA:356,8,1,0
BRDA:380,9,0,0
BRDA:380,9,1,0
BRF:20
BRH:0
end_of_record
